<?xml version="1.0" encoding="UTF-8"?>
<!-- Generated by org.testng.reporters.JUnitXMLReporter -->
<testsuite hostname="SIPL155" ignored="0" name="Regression Test" tests="5" failures="0" timestamp="01 Jul 2019 10:00:20 GMT" time="31.365" errors="0">
  <testcase name="testLogin" time="1.394" classname="com.crm.testcases.LoginPageTest"/>
  <testcase name="clickCampaignLinkTest" time="0.584" classname="com.crm.testcases.CampaignPageTest"/>
  <testcase name="validateCreateCampaign" time="0.576" classname="com.crm.testcases.CampaignPageTest"/>
  <testcase name="searchCampaignTest" time="4.438" classname="com.crm.testcases.CampaignPageTest"/>
  <testcase name="clickViewActivitiesLinkTest" time="12.755" classname="com.crm.testcases.ViewActivitiesPageTest"/>
</testsuite> <!-- Regression Test -->
