<?xml version="1.0" encoding="UTF-8"?>
<!-- Generated by org.testng.reporters.JUnitXMLReporter -->
<testsuite hostname="SIPL155" ignored="0" name="Default test" tests="3" failures="0" timestamp="21 Jun 2019 05:08:45 GMT" time="19.012" errors="0">
  <testcase name="ClickCampaignTest" time="0.495" classname="com.crm.testcases.CampaignPageTest"/>
  <testcase name="CreateCampaignTest" time="0.77" classname="com.crm.testcases.CampaignPageTest"/>
  <testcase name="searchCampaignTest" time="4.62" classname="com.crm.testcases.CampaignPageTest"/>
</testsuite> <!-- Default test -->
