<?xml version="1.0" encoding="UTF-8"?>
<!-- Generated by org.testng.reporters.JUnitXMLReporter -->
<testsuite hostname="SIPL155" ignored="0" name="testngTest" tests="5" failures="0" timestamp="21 Jun 2019 04:23:39 GMT" time="12.811" errors="0">
  <testcase name="TestLogin" time="1.34" classname="com.crm.testcases.LoginPageTest"/>
  <testcase name="ClickCampaignTest" time="0.848" classname="com.crm.testcases.CampaignPageTest"/>
  <testcase name="CreateCampaignTest" time="0.844" classname="com.crm.testcases.CampaignPageTest"/>
  <testcase name="searchCampaignTest" time="4.369" classname="com.crm.testcases.CampaignPageTest"/>
  <testcase name="TestLogout" time="5.363" classname="com.crm.testcases.LogoutTest"/>
</testsuite> <!-- testngTest -->
